0 info it worked if it ends with ok
1 verbose cli [ '/usr/bin/nodejs', '/usr/bin/npm', 'publish' ]
2 info using npm@3.10.10
3 info using node@v6.9.3
4 verbose publish [ '.' ]
5 silly cache add args [ '.', null ]
6 verbose cache add spec .
7 silly cache add parsed spec Result {
7 silly cache add   raw: '.',
7 silly cache add   scope: null,
7 silly cache add   escapedName: null,
7 silly cache add   name: null,
7 silly cache add   rawSpec: '.',
7 silly cache add   spec: '/vagrant/levenshtein-js',
7 silly cache add   type: 'directory' }
8 verbose addLocalDirectory /home/vagrant/.npm/levenshtein/1.0.0/package.tgz not in flight; packing
9 verbose correctMkdir /home/vagrant/.npm correctMkdir not in flight; initializing
10 info lifecycle levenshtein@1.0.0~prepublish: levenshtein@1.0.0
11 silly lifecycle levenshtein@1.0.0~prepublish: no script for prepublish, continuing
12 verbose tar pack [ '/home/vagrant/.npm/levenshtein/1.0.0/package.tgz',
12 verbose tar pack   '/vagrant/levenshtein-js' ]
13 verbose tarball /home/vagrant/.npm/levenshtein/1.0.0/package.tgz
14 verbose folder /vagrant/levenshtein-js
15 verbose addLocalTarball adding from inside cache /home/vagrant/.npm/levenshtein/1.0.0/package.tgz
16 verbose correctMkdir /home/vagrant/.npm correctMkdir not in flight; initializing
17 silly cache afterAdd levenshtein@1.0.0
18 verbose afterAdd /home/vagrant/.npm/levenshtein/1.0.0/package/package.json not in flight; writing
19 verbose correctMkdir /home/vagrant/.npm correctMkdir not in flight; initializing
20 verbose afterAdd /home/vagrant/.npm/levenshtein/1.0.0/package/package.json written
21 silly publish { name: 'levenshtein',
21 silly publish   version: '1.0.0',
21 silly publish   description: 'A levenshtein distance implementation to find the similarity score between two sentences.',
21 silly publish   main: 'src/levenshtein.js',
21 silly publish   scripts: { test: 'mocha', start: 'node main' },
21 silly publish   repository:
21 silly publish    { type: 'git',
21 silly publish      url: 'git+https://github.com/MICKEYGOOFY17/levenshtein-js.git' },
21 silly publish   keywords: [ 'levenshtein' ],
21 silly publish   author: { name: 'yuvashree' },
21 silly publish   license: 'Apache-2.0',
21 silly publish   bugs: { url: 'https://github.com/MICKEYGOOFY17/levenshtein-js/issues' },
21 silly publish   homepage: 'https://github.com/MICKEYGOOFY17/levenshtein-js#readme',
21 silly publish   dependencies: { log4js: '^1.1.1' },
21 silly publish   devDependencies: { chai: '^3.5.0', mocha: '^3.2.0' },
21 silly publish   readme: '## ABOUT: ##\r\n  A levenshtein distance implementation to find the similarity score between two sentences. The score is the number of deletions, insertions or substitutions required to transform.\r\n\r\n## INSTALL: ##\r\n\r\n  `$ npm install levenshtein`\r\n\r\n## USAGE: ##\r\n\r\n```javascript\r\nlet logger = require(\'log4js\').getLogger();\r\n\r\nlet levenshtein = require(\'./../src/levenshtein.js\');\r\n\r\nlet sentence1 = \'Hi, this is levenshtein example\';\r\nlet sentence2 = \'hi, this is example of levenshtein\';\r\n\r\nlet difference = 0;\r\n\r\ndifference = levenshtein(sentence1, sentence2);\r\n\r\n// difference will be 19\r\nlogger.debug(\'the number of insertion,deletion or substitutions to be made: \'+difference);`\r\n```\r\n',
21 silly publish   readmeFilename: 'README.md',
21 silly publish   gitHead: '3b484a730b95df0c69d73f80cdf8a33e4840aad3',
21 silly publish   _id: 'levenshtein@1.0.0',
21 silly publish   _shasum: 'c0f1517fda26cd10b049842763e2d639cdd08860',
21 silly publish   _from: '.' }
22 verbose getPublishConfig undefined
23 silly mapToRegistry name levenshtein
24 silly mapToRegistry using default registry
25 silly mapToRegistry registry https://registry.npmjs.org/
26 silly mapToRegistry data Result {
26 silly mapToRegistry   raw: 'levenshtein',
26 silly mapToRegistry   scope: null,
26 silly mapToRegistry   escapedName: 'levenshtein',
26 silly mapToRegistry   name: 'levenshtein',
26 silly mapToRegistry   rawSpec: '',
26 silly mapToRegistry   spec: 'latest',
26 silly mapToRegistry   type: 'tag' }
27 silly mapToRegistry uri https://registry.npmjs.org/levenshtein
28 verbose publish registryBase https://registry.npmjs.org/
29 silly publish uploading /home/vagrant/.npm/levenshtein/1.0.0/package.tgz
30 verbose request uri https://registry.npmjs.org/levenshtein
31 verbose request sending authorization for write operation
32 info attempt registry request try #1 at 11:02:02 AM
33 verbose request using bearer token for auth
34 verbose request id 021631fd187e1678
35 http request PUT https://registry.npmjs.org/levenshtein
36 http 403 https://registry.npmjs.org/levenshtein
37 verbose headers { 'content-type': 'application/json',
37 verbose headers   'cache-control': 'max-age=300',
37 verbose headers   'content-length': '105',
37 verbose headers   'accept-ranges': 'bytes',
37 verbose headers   date: 'Wed, 22 Mar 2017 11:02:06 GMT',
37 verbose headers   via: '1.1 varnish',
37 verbose headers   connection: 'keep-alive',
37 verbose headers   'x-served-by': 'cache-sin18033-SIN',
37 verbose headers   'x-cache': 'MISS',
37 verbose headers   'x-cache-hits': '0',
37 verbose headers   'x-timer': 'S1490180525.408515,VS0,VE826',
37 verbose headers   vary: 'Accept-Encoding' }
38 verbose request invalidating /home/vagrant/.npm/registry.npmjs.org/levenshtein on PUT
39 error publish Failed PUT 403
40 verbose stack Error: you do not have permission to publish "levenshtein". Are you logged in as the correct user? : levenshtein
40 verbose stack     at makeError (/usr/lib/node_modules/npm/node_modules/npm-registry-client/lib/request.js:302:12)
40 verbose stack     at CachingRegistryClient.<anonymous> (/usr/lib/node_modules/npm/node_modules/npm-registry-client/lib/request.js:290:14)
40 verbose stack     at Request._callback (/usr/lib/node_modules/npm/node_modules/npm-registry-client/lib/request.js:210:14)
40 verbose stack     at Request.self.callback (/usr/lib/node_modules/npm/node_modules/request/request.js:187:22)
40 verbose stack     at emitTwo (events.js:106:13)
40 verbose stack     at Request.emit (events.js:191:7)
40 verbose stack     at Request.<anonymous> (/usr/lib/node_modules/npm/node_modules/request/request.js:1048:10)
40 verbose stack     at emitOne (events.js:96:13)
40 verbose stack     at Request.emit (events.js:188:7)
40 verbose stack     at IncomingMessage.<anonymous> (/usr/lib/node_modules/npm/node_modules/request/request.js:969:12)
41 verbose statusCode 403
42 verbose pkgid levenshtein
43 verbose cwd /vagrant/levenshtein-js
44 error Linux 4.4.0-67-generic
45 error argv "/usr/bin/nodejs" "/usr/bin/npm" "publish"
46 error node v6.9.3
47 error npm  v3.10.10
48 error code E403
49 error you do not have permission to publish "levenshtein". Are you logged in as the correct user? : levenshtein
50 error If you need help, you may report this error at:
50 error     <https://github.com/npm/npm/issues>
51 verbose exit [ 1, true ]
